<?xml version="1.0" encoding="UTF-8"?>
<testsuite xmlns:xsi="http://www.w3.org/2001/XMLSchema-instance" xsi:noNamespaceSchemaLocation="https://maven.apache.org/surefire/maven-surefire-plugin/xsd/surefire-test-report.xsd" name="com.andrewsha.testing.calculator.CalculatorImplTest" time="0.087" tests="21" errors="0" skipped="0" failures="0">
  <properties>
    <property name="awt.toolkit" value="sun.awt.X11.XToolkit"/>
    <property name="java.specification.version" value="11"/>
    <property name="sun.cpu.isalist" value=""/>
    <property name="sun.jnu.encoding" value="UTF-8"/>
    <property name="java.class.path" value="/home/Andrewsha/workspace/other1/testing_lab2/target/test-classes:/home/Andrewsha/workspace/other1/testing_lab2/target/classes:/home/Andrewsha/.m2/repository/org/testfx/testfx-core/4.0.16-alpha/testfx-core-4.0.16-alpha.jar:/home/Andrewsha/.m2/repository/org/hamcrest/hamcrest-core/1.3/hamcrest-core-1.3.jar:/home/Andrewsha/.m2/repository/org/assertj/assertj-core/3.13.2/assertj-core-3.13.2.jar:/home/Andrewsha/.m2/repository/org/testfx/testfx-junit5/4.0.16-alpha/testfx-junit5-4.0.16-alpha.jar:/home/Andrewsha/.m2/repository/org/testfx/testfx-junit/4.0.15-alpha/testfx-junit-4.0.15-alpha.jar:/home/Andrewsha/.m2/repository/junit/junit/4.12/junit-4.12.jar:/home/Andrewsha/.m2/repository/org/apache/maven/plugins/maven-compiler-plugin/3.10.1/maven-compiler-plugin-3.10.1.jar:/home/Andrewsha/.m2/repository/org/apache/maven/shared/maven-shared-utils/3.3.4/maven-shared-utils-3.3.4.jar:/home/Andrewsha/.m2/repository/commons-io/commons-io/2.6/commons-io-2.6.jar:/home/Andrewsha/.m2/repository/org/apache/maven/shared/maven-shared-incremental/1.1/maven-shared-incremental-1.1.jar:/home/Andrewsha/.m2/repository/org/codehaus/plexus/plexus-component-annotations/1.5.5/plexus-component-annotations-1.5.5.jar:/home/Andrewsha/.m2/repository/org/codehaus/plexus/plexus-java/1.1.1/plexus-java-1.1.1.jar:/home/Andrewsha/.m2/repository/org/ow2/asm/asm/9.2/asm-9.2.jar:/home/Andrewsha/.m2/repository/com/thoughtworks/qdox/qdox/2.0.1/qdox-2.0.1.jar:/home/Andrewsha/.m2/repository/org/codehaus/plexus/plexus-compiler-api/2.11.1/plexus-compiler-api-2.11.1.jar:/home/Andrewsha/.m2/repository/org/codehaus/plexus/plexus-utils/3.4.1/plexus-utils-3.4.1.jar:/home/Andrewsha/.m2/repository/org/codehaus/plexus/plexus-compiler-manager/2.11.1/plexus-compiler-manager-2.11.1.jar:/home/Andrewsha/.m2/repository/org/codehaus/plexus/plexus-compiler-javac/2.11.1/plexus-compiler-javac-2.11.1.jar:/home/Andrewsha/.m2/repository/org/junit/jupiter/junit-jupiter-api/5.9.1/junit-jupiter-api-5.9.1.jar:/home/Andrewsha/.m2/repository/org/opentest4j/opentest4j/1.2.0/opentest4j-1.2.0.jar:/home/Andrewsha/.m2/repository/org/junit/platform/junit-platform-commons/1.9.1/junit-platform-commons-1.9.1.jar:/home/Andrewsha/.m2/repository/org/apiguardian/apiguardian-api/1.1.2/apiguardian-api-1.1.2.jar:/home/Andrewsha/.m2/repository/org/junit/jupiter/junit-jupiter-engine/5.9.1/junit-jupiter-engine-5.9.1.jar:/home/Andrewsha/.m2/repository/org/junit/platform/junit-platform-engine/1.9.1/junit-platform-engine-1.9.1.jar:/home/Andrewsha/.m2/repository/org/junit/jupiter/junit-jupiter-params/5.9.1/junit-jupiter-params-5.9.1.jar:/home/Andrewsha/.m2/repository/org/openjfx/javafx-base/19/javafx-base-19.jar:/home/Andrewsha/.m2/repository/org/openjfx/javafx-base/19/javafx-base-19-linux.jar:/home/Andrewsha/.m2/repository/org/openjfx/javafx-controls/19/javafx-controls-19.jar:/home/Andrewsha/.m2/repository/org/openjfx/javafx-controls/19/javafx-controls-19-linux.jar:/home/Andrewsha/.m2/repository/org/openjfx/javafx-graphics/19/javafx-graphics-19.jar:/home/Andrewsha/.m2/repository/org/openjfx/javafx-graphics/19/javafx-graphics-19-linux.jar:/home/Andrewsha/.m2/repository/org/openjfx/javafx-fxml/19/javafx-fxml-19.jar:/home/Andrewsha/.m2/repository/org/openjfx/javafx-fxml/19/javafx-fxml-19-linux.jar:/home/Andrewsha/.m2/repository/org/mockito/mockito-junit-jupiter/4.8.1/mockito-junit-jupiter-4.8.1.jar:/home/Andrewsha/.m2/repository/org/mockito/mockito-core/4.8.1/mockito-core-4.8.1.jar:/home/Andrewsha/.m2/repository/net/bytebuddy/byte-buddy/1.12.16/byte-buddy-1.12.16.jar:/home/Andrewsha/.m2/repository/net/bytebuddy/byte-buddy-agent/1.12.16/byte-buddy-agent-1.12.16.jar:/home/Andrewsha/.m2/repository/org/objenesis/objenesis/3.2/objenesis-3.2.jar:/home/Andrewsha/.m2/repository/io/cucumber/cucumber-java/7.9.0/cucumber-java-7.9.0.jar:/home/Andrewsha/.m2/repository/io/cucumber/cucumber-core/7.9.0/cucumber-core-7.9.0.jar:/home/Andrewsha/.m2/repository/io/cucumber/cucumber-gherkin/7.9.0/cucumber-gherkin-7.9.0.jar:/home/Andrewsha/.m2/repository/io/cucumber/cucumber-gherkin-messages/7.9.0/cucumber-gherkin-messages-7.9.0.jar:/home/Andrewsha/.m2/repository/io/cucumber/gherkin/24.1.0/gherkin-24.1.0.jar:/home/Andrewsha/.m2/repository/io/cucumber/messages/19.1.4/messages-19.1.4.jar:/home/Andrewsha/.m2/repository/io/cucumber/tag-expressions/4.1.0/tag-expressions-4.1.0.jar:/home/Andrewsha/.m2/repository/io/cucumber/cucumber-expressions/16.0.0/cucumber-expressions-16.0.0.jar:/home/Andrewsha/.m2/repository/io/cucumber/datatable/7.9.0/datatable-7.9.0.jar:/home/Andrewsha/.m2/repository/io/cucumber/cucumber-plugin/7.9.0/cucumber-plugin-7.9.0.jar:/home/Andrewsha/.m2/repository/io/cucumber/docstring/7.9.0/docstring-7.9.0.jar:/home/Andrewsha/.m2/repository/io/cucumber/html-formatter/20.1.0/html-formatter-20.1.0.jar:/home/Andrewsha/.m2/repository/io/cucumber/ci-environment/9.1.0/ci-environment-9.1.0.jar:/home/Andrewsha/.m2/repository/io/cucumber/cucumber-junit-platform-engine/7.9.0/cucumber-junit-platform-engine-7.9.0.jar:/home/Andrewsha/.m2/repository/io/cucumber/cucumber-junit/7.9.0/cucumber-junit-7.9.0.jar:"/>
    <property name="java.vm.vendor" value="Amazon.com Inc."/>
    <property name="sun.arch.data.model" value="64"/>
    <property name="java.vendor.url" value="https://aws.amazon.com/corretto/"/>
    <property name="user.timezone" value=""/>
    <property name="java.vm.specification.version" value="11"/>
    <property name="os.name" value="Linux"/>
    <property name="sun.java.launcher" value="SUN_STANDARD"/>
    <property name="user.country" value="RU"/>
    <property name="sun.boot.library.path" value="/home/Andrewsha/.sdkman/candidates/java/11.0.17-amzn/lib"/>
    <property name="sun.java.command" value="/home/Andrewsha/workspace/other1/testing_lab2/target/surefire/surefirebooter5465856397409623439.jar /home/Andrewsha/workspace/other1/testing_lab2/target/surefire 2022-12-03T13-42-29_981-jvmRun1 surefire11013165948827661250tmp surefire_017580777300326139038tmp"/>
    <property name="jdk.debug" value="release"/>
    <property name="surefire.test.class.path" value="/home/Andrewsha/workspace/other1/testing_lab2/target/test-classes:/home/Andrewsha/workspace/other1/testing_lab2/target/classes:/home/Andrewsha/.m2/repository/org/testfx/testfx-core/4.0.16-alpha/testfx-core-4.0.16-alpha.jar:/home/Andrewsha/.m2/repository/org/hamcrest/hamcrest-core/1.3/hamcrest-core-1.3.jar:/home/Andrewsha/.m2/repository/org/assertj/assertj-core/3.13.2/assertj-core-3.13.2.jar:/home/Andrewsha/.m2/repository/org/testfx/testfx-junit5/4.0.16-alpha/testfx-junit5-4.0.16-alpha.jar:/home/Andrewsha/.m2/repository/org/testfx/testfx-junit/4.0.15-alpha/testfx-junit-4.0.15-alpha.jar:/home/Andrewsha/.m2/repository/junit/junit/4.12/junit-4.12.jar:/home/Andrewsha/.m2/repository/org/apache/maven/plugins/maven-compiler-plugin/3.10.1/maven-compiler-plugin-3.10.1.jar:/home/Andrewsha/.m2/repository/org/apache/maven/shared/maven-shared-utils/3.3.4/maven-shared-utils-3.3.4.jar:/home/Andrewsha/.m2/repository/commons-io/commons-io/2.6/commons-io-2.6.jar:/home/Andrewsha/.m2/repository/org/apache/maven/shared/maven-shared-incremental/1.1/maven-shared-incremental-1.1.jar:/home/Andrewsha/.m2/repository/org/codehaus/plexus/plexus-component-annotations/1.5.5/plexus-component-annotations-1.5.5.jar:/home/Andrewsha/.m2/repository/org/codehaus/plexus/plexus-java/1.1.1/plexus-java-1.1.1.jar:/home/Andrewsha/.m2/repository/org/ow2/asm/asm/9.2/asm-9.2.jar:/home/Andrewsha/.m2/repository/com/thoughtworks/qdox/qdox/2.0.1/qdox-2.0.1.jar:/home/Andrewsha/.m2/repository/org/codehaus/plexus/plexus-compiler-api/2.11.1/plexus-compiler-api-2.11.1.jar:/home/Andrewsha/.m2/repository/org/codehaus/plexus/plexus-utils/3.4.1/plexus-utils-3.4.1.jar:/home/Andrewsha/.m2/repository/org/codehaus/plexus/plexus-compiler-manager/2.11.1/plexus-compiler-manager-2.11.1.jar:/home/Andrewsha/.m2/repository/org/codehaus/plexus/plexus-compiler-javac/2.11.1/plexus-compiler-javac-2.11.1.jar:/home/Andrewsha/.m2/repository/org/junit/jupiter/junit-jupiter-api/5.9.1/junit-jupiter-api-5.9.1.jar:/home/Andrewsha/.m2/repository/org/opentest4j/opentest4j/1.2.0/opentest4j-1.2.0.jar:/home/Andrewsha/.m2/repository/org/junit/platform/junit-platform-commons/1.9.1/junit-platform-commons-1.9.1.jar:/home/Andrewsha/.m2/repository/org/apiguardian/apiguardian-api/1.1.2/apiguardian-api-1.1.2.jar:/home/Andrewsha/.m2/repository/org/junit/jupiter/junit-jupiter-engine/5.9.1/junit-jupiter-engine-5.9.1.jar:/home/Andrewsha/.m2/repository/org/junit/platform/junit-platform-engine/1.9.1/junit-platform-engine-1.9.1.jar:/home/Andrewsha/.m2/repository/org/junit/jupiter/junit-jupiter-params/5.9.1/junit-jupiter-params-5.9.1.jar:/home/Andrewsha/.m2/repository/org/openjfx/javafx-base/19/javafx-base-19.jar:/home/Andrewsha/.m2/repository/org/openjfx/javafx-base/19/javafx-base-19-linux.jar:/home/Andrewsha/.m2/repository/org/openjfx/javafx-controls/19/javafx-controls-19.jar:/home/Andrewsha/.m2/repository/org/openjfx/javafx-controls/19/javafx-controls-19-linux.jar:/home/Andrewsha/.m2/repository/org/openjfx/javafx-graphics/19/javafx-graphics-19.jar:/home/Andrewsha/.m2/repository/org/openjfx/javafx-graphics/19/javafx-graphics-19-linux.jar:/home/Andrewsha/.m2/repository/org/openjfx/javafx-fxml/19/javafx-fxml-19.jar:/home/Andrewsha/.m2/repository/org/openjfx/javafx-fxml/19/javafx-fxml-19-linux.jar:/home/Andrewsha/.m2/repository/org/mockito/mockito-junit-jupiter/4.8.1/mockito-junit-jupiter-4.8.1.jar:/home/Andrewsha/.m2/repository/org/mockito/mockito-core/4.8.1/mockito-core-4.8.1.jar:/home/Andrewsha/.m2/repository/net/bytebuddy/byte-buddy/1.12.16/byte-buddy-1.12.16.jar:/home/Andrewsha/.m2/repository/net/bytebuddy/byte-buddy-agent/1.12.16/byte-buddy-agent-1.12.16.jar:/home/Andrewsha/.m2/repository/org/objenesis/objenesis/3.2/objenesis-3.2.jar:/home/Andrewsha/.m2/repository/io/cucumber/cucumber-java/7.9.0/cucumber-java-7.9.0.jar:/home/Andrewsha/.m2/repository/io/cucumber/cucumber-core/7.9.0/cucumber-core-7.9.0.jar:/home/Andrewsha/.m2/repository/io/cucumber/cucumber-gherkin/7.9.0/cucumber-gherkin-7.9.0.jar:/home/Andrewsha/.m2/repository/io/cucumber/cucumber-gherkin-messages/7.9.0/cucumber-gherkin-messages-7.9.0.jar:/home/Andrewsha/.m2/repository/io/cucumber/gherkin/24.1.0/gherkin-24.1.0.jar:/home/Andrewsha/.m2/repository/io/cucumber/messages/19.1.4/messages-19.1.4.jar:/home/Andrewsha/.m2/repository/io/cucumber/tag-expressions/4.1.0/tag-expressions-4.1.0.jar:/home/Andrewsha/.m2/repository/io/cucumber/cucumber-expressions/16.0.0/cucumber-expressions-16.0.0.jar:/home/Andrewsha/.m2/repository/io/cucumber/datatable/7.9.0/datatable-7.9.0.jar:/home/Andrewsha/.m2/repository/io/cucumber/cucumber-plugin/7.9.0/cucumber-plugin-7.9.0.jar:/home/Andrewsha/.m2/repository/io/cucumber/docstring/7.9.0/docstring-7.9.0.jar:/home/Andrewsha/.m2/repository/io/cucumber/html-formatter/20.1.0/html-formatter-20.1.0.jar:/home/Andrewsha/.m2/repository/io/cucumber/ci-environment/9.1.0/ci-environment-9.1.0.jar:/home/Andrewsha/.m2/repository/io/cucumber/cucumber-junit-platform-engine/7.9.0/cucumber-junit-platform-engine-7.9.0.jar:/home/Andrewsha/.m2/repository/io/cucumber/cucumber-junit/7.9.0/cucumber-junit-7.9.0.jar:"/>
    <property name="sun.cpu.endian" value="little"/>
    <property name="user.home" value="/home/Andrewsha"/>
    <property name="user.language" value="ru"/>
    <property name="java.specification.vendor" value="Oracle Corporation"/>
    <property name="java.version.date" value="2022-10-18"/>
    <property name="java.home" value="/home/Andrewsha/.sdkman/candidates/java/11.0.17-amzn"/>
    <property name="file.separator" value="/"/>
    <property name="basedir" value="/home/Andrewsha/workspace/other1/testing_lab2"/>
    <property name="java.vm.compressedOopsMode" value="32-bit"/>
    <property name="line.separator" value="&#10;"/>
    <property name="java.specification.name" value="Java Platform API Specification"/>
    <property name="java.vm.specification.vendor" value="Oracle Corporation"/>
    <property name="java.awt.graphicsenv" value="sun.awt.X11GraphicsEnvironment"/>
    <property name="surefire.real.class.path" value="/home/Andrewsha/workspace/other1/testing_lab2/target/surefire/surefirebooter5465856397409623439.jar"/>
    <property name="sun.management.compiler" value="HotSpot 64-Bit Tiered Compilers"/>
    <property name="java.runtime.version" value="11.0.17+8-LTS"/>
    <property name="user.name" value="Andrewsha"/>
    <property name="path.separator" value=":"/>
    <property name="os.version" value="6.0.10-300.fc37.x86_64"/>
    <property name="java.runtime.name" value="OpenJDK Runtime Environment"/>
    <property name="file.encoding" value="UTF-8"/>
    <property name="java.vm.name" value="OpenJDK 64-Bit Server VM"/>
    <property name="java.vendor.version" value="Corretto-11.0.17.8.1"/>
    <property name="localRepository" value="/home/Andrewsha/.m2/repository"/>
    <property name="java.vendor.url.bug" value="https://github.com/corretto/corretto-11/issues/"/>
    <property name="java.io.tmpdir" value="/tmp"/>
    <property name="java.version" value="11.0.17"/>
    <property name="user.dir" value="/home/Andrewsha/workspace/other1/testing_lab2"/>
    <property name="os.arch" value="amd64"/>
    <property name="java.vm.specification.name" value="Java Virtual Machine Specification"/>
    <property name="java.awt.printerjob" value="sun.print.PSPrinterJob"/>
    <property name="sun.os.patch.level" value="unknown"/>
    <property name="java.library.path" value="/usr/java/packages/lib:/usr/lib64:/lib64:/lib:/usr/lib"/>
    <property name="java.vm.info" value="mixed mode"/>
    <property name="java.vendor" value="Amazon.com Inc."/>
    <property name="java.vm.version" value="11.0.17+8-LTS"/>
    <property name="sun.io.unicode.encoding" value="UnicodeLittle"/>
    <property name="java.class.version" value="55.0"/>
  </properties>
  <testcase name="divideTest{double, double}[1]" classname="com.andrewsha.testing.calculator.CalculatorImplTest" time="0.031"/>
  <testcase name="divideTest{double, double}[2]" classname="com.andrewsha.testing.calculator.CalculatorImplTest" time="0.001"/>
  <testcase name="divideTest{double, double}[3]" classname="com.andrewsha.testing.calculator.CalculatorImplTest" time="0"/>
  <testcase name="divideTest{double, double}[4]" classname="com.andrewsha.testing.calculator.CalculatorImplTest" time="0.001"/>
  <testcase name="divideTest{double, double}[5]" classname="com.andrewsha.testing.calculator.CalculatorImplTest" time="0"/>
  <testcase name="sumTest{double, double}[1]" classname="com.andrewsha.testing.calculator.CalculatorImplTest" time="0.001"/>
  <testcase name="sumTest{double, double}[2]" classname="com.andrewsha.testing.calculator.CalculatorImplTest" time="0"/>
  <testcase name="sumTest{double, double}[3]" classname="com.andrewsha.testing.calculator.CalculatorImplTest" time="0.001"/>
  <testcase name="sumTest{double, double}[4]" classname="com.andrewsha.testing.calculator.CalculatorImplTest" time="0"/>
  <testcase name="sumTest{double, double}[5]" classname="com.andrewsha.testing.calculator.CalculatorImplTest" time="0.001"/>
  <testcase name="divideTest_b_lessThanMinimum_then_throwException" classname="com.andrewsha.testing.calculator.CalculatorImplTest" time="0.001"/>
  <testcase name="multiplyTest{double, double}[1]" classname="com.andrewsha.testing.calculator.CalculatorImplTest" time="0.001"/>
  <testcase name="multiplyTest{double, double}[2]" classname="com.andrewsha.testing.calculator.CalculatorImplTest" time="0"/>
  <testcase name="multiplyTest{double, double}[3]" classname="com.andrewsha.testing.calculator.CalculatorImplTest" time="0"/>
  <testcase name="multiplyTest{double, double}[4]" classname="com.andrewsha.testing.calculator.CalculatorImplTest" time="0"/>
  <testcase name="multiplyTest{double, double}[5]" classname="com.andrewsha.testing.calculator.CalculatorImplTest" time="0"/>
  <testcase name="subtractTest{double, double}[1]" classname="com.andrewsha.testing.calculator.CalculatorImplTest" time="0"/>
  <testcase name="subtractTest{double, double}[2]" classname="com.andrewsha.testing.calculator.CalculatorImplTest" time="0"/>
  <testcase name="subtractTest{double, double}[3]" classname="com.andrewsha.testing.calculator.CalculatorImplTest" time="0"/>
  <testcase name="subtractTest{double, double}[4]" classname="com.andrewsha.testing.calculator.CalculatorImplTest" time="0"/>
  <testcase name="subtractTest{double, double}[5]" classname="com.andrewsha.testing.calculator.CalculatorImplTest" time="0.001"/>
</testsuite>